c:\users\ufukb\desktop\24\flexbison\bison.tab.cpp
c:\users\ufukb\desktop\24\flexbıson\debug\vc142.pdb
c:\users\ufukb\desktop\24\flexbıson\debug\vc142.ıdb
c:\users\ufukb\desktop\24\flexbıson\debug\flex.flex.obj
c:\users\ufukb\desktop\24\flexbıson\debug\bıson.tab.obj
c:\users\ufukb\desktop\24\flexbıson\debug\flexbıson.ılk
c:\users\ufukb\desktop\24\flexbıson\debug\flexbıson.exe
c:\users\ufukb\desktop\24\flexbıson\debug\flexbıson.pdb
c:\users\ufukb\desktop\24v2\flexbison\debug\bison.tab.obj
c:\users\ufukb\desktop\24v2\flexbison\debug\flex.flex.obj
c:\users\ufukb\desktop\24v2\flexbison\debug\flexbison.ilk
c:\users\ufukb\desktop\24v2\flexbison\debug\flexbison.write.1.tlog
c:\users\ufukb\desktop\24v2\flexbison\debug\vc142.idb
c:\users\ufukb\desktop\24v2\flexbison\debug\flexbison.pdb
c:\users\ufukb\desktop\24v2\flexbison\debug\vc142.pdb
c:\users\ufukb\desktop\24v2\flexbison\debug\flexbison.exe
c:\users\ufukb\desktop\24v2\flexbison\debug\flexbison.tlog\cl.command.1.tlog
c:\users\ufukb\desktop\24v2\flexbison\debug\flexbison.tlog\cl.read.1.tlog
c:\users\ufukb\desktop\24v2\flexbison\debug\flexbison.tlog\cl.write.1.tlog
c:\users\ufukb\desktop\24v2\flexbison\debug\flexbison.tlog\link.command.1.tlog
c:\users\ufukb\desktop\24v2\flexbison\debug\flexbison.tlog\link.read.1.tlog
c:\users\ufukb\desktop\24v2\flexbison\debug\flexbison.tlog\link.write.1.tlog
